\BOOKMARK [1][-]{section*.2}{Pr\344ambel}{}
\BOOKMARK [1][-]{section*.4}{Veranstaltungsangebot}{}
\BOOKMARK [2][-]{section*.5}{Phasen des Studiums}{section*.4}
\BOOKMARK [2][-]{section*.6}{Diversit\344t und Spezialisierung}{section*.4}
\BOOKMARK [2][-]{section*.7}{Erste Studienphase}{section*.4}
\BOOKMARK [2][-]{section*.8}{Zweite Studienphase}{section*.4}
\BOOKMARK [2][-]{section*.9}{Dritte Studienphase}{section*.4}
\BOOKMARK [2][-]{section*.10}{Kontinuit\344t}{section*.4}
\BOOKMARK [2][-]{section*.11}{Teilzeitstudium / Studieren mit Kind}{section*.4}
\BOOKMARK [2][-]{section*.12}{Pr\374fungen}{section*.4}
\BOOKMARK [3][-]{section*.13}{Schriftliche Arbeiten}{section*.12}
\BOOKMARK [2][-]{section*.14}{Kontinuit\344t der Studienordnung}{section*.4}
\BOOKMARK [2][-]{section*.15}{Freiheit des Lernens}{section*.4}
\BOOKMARK [2][-]{section*.16}{Orientierung an den Interessen der Studierenden}{section*.4}
\BOOKMARK [1][-]{section*.17}{Veranstaltungsformen}{}
\BOOKMARK [2][-]{section*.18}{Globale Forderungen}{section*.17}
\BOOKMARK [2][-]{section*.19}{Vorlesung}{section*.17}
\BOOKMARK [3][-]{section*.20}{Definition}{section*.19}
\BOOKMARK [3][-]{section*.21}{Ziel}{section*.19}
\BOOKMARK [3][-]{section*.22}{Anforderungen}{section*.19}
\BOOKMARK [2][-]{section*.23}{\334bung/Tutorium}{section*.17}
\BOOKMARK [3][-]{section*.24}{Definition}{section*.23}
\BOOKMARK [3][-]{section*.25}{Ziel}{section*.23}
\BOOKMARK [3][-]{section*.26}{Anforderungen}{section*.23}
\BOOKMARK [2][-]{section*.27}{Seminar}{section*.17}
\BOOKMARK [3][-]{section*.28}{Definition}{section*.27}
\BOOKMARK [3][-]{section*.29}{Ziel}{section*.27}
\BOOKMARK [3][-]{section*.30}{Anforderungen}{section*.27}
\BOOKMARK [1][-]{section*.31}{Infrastruktur}{}
\BOOKMARK [2][-]{section*.32}{Generelles}{section*.31}
\BOOKMARK [2][-]{section*.33}{R\344ume}{section*.31}
\BOOKMARK [3][-]{section*.34}{Veranstaltungsr\344ume}{section*.33}
\BOOKMARK [3][-]{section*.35}{Computerr\344ume}{section*.33}
\BOOKMARK [3][-]{section*.36}{Studentische Arbeitsr\344ume}{section*.33}
\BOOKMARK [2][-]{section*.37}{Fachschaft}{section*.31}
\BOOKMARK [2][-]{section*.38}{Bibliothek}{section*.31}
\BOOKMARK [1][-]{section*.39}{Service}{}
\BOOKMARK [2][-]{section*.40}{Studienberatung}{section*.39}
\BOOKMARK [2][-]{section*.41}{Fachberatung}{section*.39}
\BOOKMARK [2][-]{section*.42}{Betreuung der Studienanf\344nger}{section*.39}
\BOOKMARK [2][-]{section*.43}{Praktikum}{section*.39}
\BOOKMARK [2][-]{section*.44}{Webseite}{section*.39}
\BOOKMARK [2][-]{section*.45}{Auslandsangebot}{section*.39}
\BOOKMARK [1][-]{section*.46}{Evaluationsbogen}{}
