This is pdfTeXk, Version 3.141592-1.40.3 (Web2C 7.5.6) (format=pdflatex 2009.12.8)  12 DEC 2009 09:59
entering extended mode
 %&-line parsing enabled.
**minimalstandards  includeversion{stilltodo} includeversion{kcmt}
(./minimalstandards.tex
LaTeX2e <2005/12/01>
Babel <v3.8h> and hyphenation patterns for english, usenglishmax, dumylang, noh
yphenation, arabic, farsi, croatian, ukrainian, russian, bulgarian, czech, slov
ak, danish, dutch, finnish, basque, french, german, ngerman, ibycus, greek, mon
ogreek, ancientgreek, hungarian, italian, latin, mongolian, norsk, icelandic, i
nterlingua, turkish, coptic, romanian, welsh, serbian, slovenian, estonian, esp
eranto, uppersorbian, indonesian, polish, portuguese, spanish, catalan, galicia
n, swedish, ukenglish, loaded.
(/usr/share/texmf-texlive/tex/latex/base/article.cls
Document Class: article 2005/09/16 v1.4f Standard LaTeX document class
(/usr/share/texmf-texlive/tex/latex/base/size10.clo
File: size10.clo 2005/09/16 v1.4f Standard LaTeX file (size option)
)
\c@part=\count79
\c@section=\count80
\c@subsection=\count81
\c@subsubsection=\count82
\c@paragraph=\count83
\c@subparagraph=\count84
\c@figure=\count85
\c@table=\count86
\abovecaptionskip=\skip41
\belowcaptionskip=\skip42
\bibindent=\dimen102
)
(/usr/share/texmf-texlive/tex/generic/german/ngerman.sty v2.5e 1998-07-08
Package: ngerman 1998/07/08 v2.5e Support for writing german texts (br)
\grmnU@D=\dimen103
ngerman -- \language number for naustrian undefined, default 18 used.
)
(/usr/share/texmf-texlive/tex/latex/fancyhdr/fancyhdr.sty
\fancy@headwidth=\skip43
\f@ncyO@elh=\skip44
\f@ncyO@erh=\skip45
\f@ncyO@olh=\skip46
\f@ncyO@orh=\skip47
\f@ncyO@elf=\skip48
\f@ncyO@erf=\skip49
\f@ncyO@olf=\skip50
\f@ncyO@orf=\skip51
)
(/usr/share/texmf-texlive/tex/latex/graphics/graphicx.sty
Package: graphicx 1999/02/16 v1.0f Enhanced LaTeX Graphics (DPC,SPQR)

(/usr/share/texmf-texlive/tex/latex/graphics/keyval.sty
Package: keyval 1999/03/16 v1.13 key=value parser (DPC)
\KV@toks@=\toks14
)
(/usr/share/texmf-texlive/tex/latex/graphics/graphics.sty
Package: graphics 2006/02/20 v1.0o Standard LaTeX Graphics (DPC,SPQR)

(/usr/share/texmf-texlive/tex/latex/graphics/trig.sty
Package: trig 1999/03/16 v1.09 sin cos tan (DPC)
)
(/etc/texmf/tex/latex/config/graphics.cfg
File: graphics.cfg 2007/01/18 v1.5 graphics configuration of teTeX/TeXLive
)
Package graphics Info: Driver file: pdftex.def on input line 90.

(/usr/share/texmf-texlive/tex/latex/pdftex-def/pdftex.def
File: pdftex.def 2007/01/08 v0.04d Graphics/color for pdfTeX
\Gread@gobject=\count87
))
\Gin@req@height=\dimen104
\Gin@req@width=\dimen105
)
(/usr/share/texmf-texlive/tex/latex/graphics/color.sty
Package: color 2005/11/14 v1.0j Standard LaTeX Color (DPC)

(/etc/texmf/tex/latex/config/color.cfg
File: color.cfg 2007/01/18 v1.5 color configuration of teTeX/TeXLive
)
Package color Info: Driver file: pdftex.def on input line 130.
)
(/usr/share/texmf-texlive/tex/latex/ltxmisc/version.sty)
(/usr/share/texmf-texlive/tex/latex/hyperref/hyperref.sty
Package: hyperref 2007/02/07 v6.75r Hypertext links for LaTeX
\@linkdim=\dimen106
\Hy@linkcounter=\count88
\Hy@pagecounter=\count89

(/usr/share/texmf-texlive/tex/latex/hyperref/pd1enc.def
File: pd1enc.def 2007/02/07 v6.75r Hyperref: PDFDocEncoding definition (HO)
)
(/etc/texmf/tex/latex/config/hyperref.cfg
File: hyperref.cfg 2002/06/06 v1.2 hyperref configuration of TeXLive
)
(/usr/share/texmf-texlive/tex/latex/oberdiek/kvoptions.sty
Package: kvoptions 2006/08/22 v2.4 Connects package keyval with LaTeX options (
HO)
)
Package hyperref Info: Option `colorlinks' set `true' on input line 2238.
Package hyperref Info: Hyper figures OFF on input line 2288.
Package hyperref Info: Link nesting OFF on input line 2293.
Package hyperref Info: Hyper index ON on input line 2296.
Package hyperref Info: Plain pages OFF on input line 2303.
Package hyperref Info: Backreferencing OFF on input line 2308.

Implicit mode ON; LaTeX internals redefined
Package hyperref Info: Bookmarks ON on input line 2444.
(/usr/share/texmf-texlive/tex/latex/ltxmisc/url.sty
\Urlmuskip=\muskip10
Package: url 2005/06/27  ver 3.2  Verb mode for urls, etc.
)
LaTeX Info: Redefining \url on input line 2599.
\Fld@menulength=\count90
\Field@Width=\dimen107
\Fld@charsize=\dimen108
\Choice@toks=\toks15
\Field@toks=\toks16
Package hyperref Info: Hyper figures OFF on input line 3102.
Package hyperref Info: Link nesting OFF on input line 3107.
Package hyperref Info: Hyper index ON on input line 3110.
Package hyperref Info: backreferencing OFF on input line 3117.
Package hyperref Info: Link coloring ON on input line 3120.
\Hy@abspage=\count91
\c@Item=\count92
\c@Hfootnote=\count93
)
*hyperref using driver hpdftex*
(/usr/share/texmf-texlive/tex/latex/hyperref/hpdftex.def
File: hpdftex.def 2007/02/07 v6.75r Hyperref driver for pdfTeX
\Fld@listcount=\count94
)
\c@messgroesse=\count95

(out/koma-minsanity.aux)
\openout1 = `koma-minsanity.aux'.

LaTeX Font Info:    Checking defaults for OML/cmm/m/it on input line 69.
LaTeX Font Info:    ... okay on input line 69.
LaTeX Font Info:    Checking defaults for T1/cmr/m/n on input line 69.
LaTeX Font Info:    ... okay on input line 69.
LaTeX Font Info:    Checking defaults for OT1/cmr/m/n on input line 69.
LaTeX Font Info:    ... okay on input line 69.
LaTeX Font Info:    Checking defaults for OMS/cmsy/m/n on input line 69.
LaTeX Font Info:    ... okay on input line 69.
LaTeX Font Info:    Checking defaults for OMX/cmex/m/n on input line 69.
LaTeX Font Info:    ... okay on input line 69.
LaTeX Font Info:    Checking defaults for U/cmr/m/n on input line 69.
LaTeX Font Info:    ... okay on input line 69.
LaTeX Font Info:    Checking defaults for PD1/pdf/m/n on input line 69.
LaTeX Font Info:    ... okay on input line 69.
 (/usr/share/texmf/tex/context/base/supp-pdf.tex
[Loading MPS to PDF converter (version 2006.09.02).]
\scratchcounter=\count96
\scratchdimen=\dimen109
\scratchbox=\box26
\nofMPsegments=\count97
\nofMParguments=\count98
\everyMPshowfont=\toks17
\MPscratchCnt=\count99
\MPscratchDim=\dimen110
\MPnumerator=\count100
\everyMPtoPDFconversion=\toks18
)
Package hyperref Info: Link coloring ON on input line 69.
 (/usr/share/texmf-texlive/tex/latex/hyperref/nameref.sty
Package: nameref 2006/12/27 v2.28 Cross-referencing by name of section

(/usr/share/texmf-texlive/tex/latex/oberdiek/refcount.sty
Package: refcount 2006/02/20 v3.0 Data extraction from references (HO)
)
\c@section@level=\count101
)
LaTeX Info: Redefining \ref on input line 69.
LaTeX Info: Redefining \pageref on input line 69.

(out/koma-minsanity.out) (out/koma-minsanity.out)
\@outlinefile=\write3
\openout3 = `koma-minsanity.out'.

LaTeX Font Info:    External font `cmex10' loaded for size
(Font)              <12> on input line 72.
LaTeX Font Info:    External font `cmex10' loaded for size
(Font)              <8> on input line 72.
LaTeX Font Info:    External font `cmex10' loaded for size
(Font)              <6> on input line 72.
 (out/koma-minsanity.toc
LaTeX Font Info:    External font `cmex10' loaded for size
(Font)              <9> on input line 4.
LaTeX Font Info:    External font `cmex10' loaded for size
(Font)              <5> on input line 4.

[1

{/var/lib/texmf/fonts/map/pdftex/updmap/pdftex.map}])
\tf@toc=\write4
\openout4 = `koma-minsanity.toc'.

 [2] (./praeambel.tex)
[3] (./stpo.tex <phasen.pdf, id=250, 277.39214pt x 108.41675pt>
File: phasen.pdf Graphic file (type pdf)

<use phasen.pdf> [4 <./phasen.pdf

pdfTeX warning: pdflatex (file ./phasen.pdf): PDF inclusion: Page Group detecte
d which pdfTeX can't handle. Ignoring it.
>] <dimensionen.pdf, id=258, 371.80476pt x 293.79611pt>
File: dimensionen.pdf Graphic file (type pdf)
 <use dimensionen.pdf>
[5 <./dimensionen.pdf

pdfTeX warning: pdflatex (file ./dimensionen.pdf): PDF inclusion: Page Group de
tected which pdfTeX can't handle. Ignoring it.
>] [6]
Underfull \vbox (badness 10000) has occurred while \output is active []

 [7]
Underfull \vbox (badness 5607) has occurred while \output is active []

 [8]
Underfull \vbox (badness 10000) has occurred while \output is active []

 [9])
(./formen.tex
LaTeX Font Info:    Try loading font information for OMS+cmr on input line 23.
 (/usr/share/texmf-texlive/tex/latex/base/omscmr.fd
File: omscmr.fd 1999/05/25 v2.5h Standard LaTeX font definitions
)
LaTeX Font Info:    Font shape `OMS/cmr/m/n' in size <9> not available
(Font)              Font shape `OMS/cmsy/m/n' tried instead on input line 23.
Missing character: There is no Ã in font cmr9!
Missing character: There is no ¤ in font cmr9!
Missing character: There is no Ã in font cmr9!
Missing character: There is no ¤ in font cmr9!
 [10]
Underfull \hbox (badness 1107) in paragraph at lines 120--126
[]\OT1/cmr/m/n/9 Eine Vor-le-sung wird bei Ba-sis-ver-an-stal-tun-gen grunds[]a
tz-lich von []Ubun-gen
 []


Underfull \hbox (badness 1400) in paragraph at lines 120--126
\OT1/cmr/m/n/9 und/oder Tu-to-ri-en be-glei-tet. Das Verh[]alt-nis der Stun-den
-zahl von []Ubun-
 []

[11] [12]) [13] (./infrastruktur.tex
Underfull \hbox (badness 4013) in paragraph at lines 6--9
[]\OT1/cmr/m/n/9 Grundlegende Din-ge, wie aus-rei-chen-de Be-leuch-tung, Hei-zu
ng, Toi-let-ten,
 []

[14] [15]) [16] (./service.tex [17]
Missing character: There is no Ã in font cmr9!
Missing character: There is no ¶ in font cmr9!

Underfull \hbox (badness 10000) in paragraph at lines 113--114
[]\OT1/cmr/m/n/9 wichtige Ter-mi-ne (z.B. R[]uck-mel-dungs-fris-ten,
 []

[18]
Underfull \hbox (badness 4378) in paragraph at lines 171--172
[]\OT1/cmr/m/n/9 wichtige Ter-mi-ne, wie zum Bei-spiel R[]uck-mel-de-fris-ten, 
Vor-le-sungs-zei-ten,
 []

) [19] (./checklist.tex [20] [21]) [22] (out/koma-minsanity.aux) ) 
Here is how much of TeX's memory you used:
 3302 strings out of 94080
 44806 string characters out of 1165311
 102496 words of memory out of 1500000
 6479 multiletter control sequences out of 10000+50000
 9458 words of font info for 33 fonts, out of 1200000 for 2000
 645 hyphenation exceptions out of 8191
 25i,7n,43p,440b,437s stack positions out of 5000i,500n,6000p,200000b,5000s
</usr/share/t
exmf-texlive/fonts/type1/bluesky/cm/cmbx12.pfb></usr/share/texmf-texlive/fonts/
type1/bluesky/cm/cmbx9.pfb></usr/share/texmf-texlive/fonts/type1/bluesky/cm/cmr
12.pfb></usr/share/texmf-texlive/fonts/type1/bluesky/cm/cmr17.pfb></usr/share/t
exmf-texlive/fonts/type1/bluesky/cm/cmr9.pfb></usr/share/texmf-texlive/fonts/ty
pe1/bluesky/cm/cmss9.pfb></usr/share/texmf-texlive/fonts/type1/bluesky/cm/cmsy9
.pfb></usr/share/texmf-texlive/fonts/type1/bluesky/cm/cmti9.pfb>
Output written on out/koma-minsanity.pdf (22 pages, 195452 bytes).
PDF statistics:
 390 PDF objects out of 1000 (max. 8388607)
 76 named destinations out of 1000 (max. 131072)
 379 words of extra memory for PDF output out of 10000 (max. 10000000)

